2019-06-02 15:35:30 [scrapy.utils.log] INFO: Scrapy 1.6.0 started (bot: InternetSpider)
2019-06-02 15:35:30 [scrapy.utils.log] INFO: Versions: lxml 4.3.3.0, libxml2 2.9.5, cssselect 1.0.3, parsel 1.5.1, w3lib 1.20.0, Twisted 18.9.0, Python 3.6.8 |Anaconda, Inc.| (default, Feb 21 2019, 18:30:04) [MSC v.1916 64 bit (AMD64)], pyOpenSSL 19.0.0 (OpenSSL 1.1.0h  27 Mar 2018), cryptography 2.3, Platform Windows-10-10.0.10586-SP0
2019-06-02 15:35:30 [scrapy.crawler] INFO: Overridden settings: {'AUTOTHROTTLE_ENABLED': True, 'AUTOTHROTTLE_START_DELAY': 0.2, 'BOT_NAME': 'InternetSpider', 'CONCURRENT_REQUESTS': 50, 'CONCURRENT_REQUESTS_PER_DOMAIN': 50, 'CONCURRENT_REQUESTS_PER_IP': 50, 'COOKIES_ENABLED': False, 'DOWNLOAD_DELAY': 0.2, 'DOWNLOAD_FAIL_ON_DATALOSS': False, 'DUPEFILTER_CLASS': 'scrapy_redis.dupefilter.RFPDupeFilter', 'LOG_FILE': 'logs\\default\\hotdaily\\fe175b3a850811e9b172005056c00008.log', 'NEWSPIDER_MODULE': 'InternetSpider.spiders', 'SCHEDULER': 'scrapy_redis.scheduler.Scheduler', 'SPIDER_MODULES': ['InternetSpider.spiders']}
2019-06-02 15:35:31 [scrapy.extensions.telnet] INFO: Telnet Password: b580cec77b00bc6b
2019-06-02 15:35:31 [scrapy.middleware] INFO: Enabled extensions:
['scrapy.extensions.corestats.CoreStats',
 'scrapy.extensions.telnet.TelnetConsole',
 'scrapy.extensions.logstats.LogStats',
 'scrapy.extensions.throttle.AutoThrottle']
2019-06-02 15:35:36 [scrapy.middleware] INFO: Enabled downloader middlewares:
['InternetSpider.middlewares.RandomUserAgent',
 'InternetSpider.middlewares.ABProxyMiddleware',
 'scrapy.downloadermiddlewares.httpauth.HttpAuthMiddleware',
 'scrapy.downloadermiddlewares.downloadtimeout.DownloadTimeoutMiddleware',
 'scrapy.downloadermiddlewares.defaultheaders.DefaultHeadersMiddleware',
 'scrapy.downloadermiddlewares.useragent.UserAgentMiddleware',
 'scrapy.downloadermiddlewares.retry.RetryMiddleware',
 'scrapy.downloadermiddlewares.redirect.MetaRefreshMiddleware',
 'scrapy.downloadermiddlewares.httpcompression.HttpCompressionMiddleware',
 'scrapy.downloadermiddlewares.redirect.RedirectMiddleware',
 'scrapy.downloadermiddlewares.httpproxy.HttpProxyMiddleware',
 'scrapy.downloadermiddlewares.stats.DownloaderStats']
2019-06-02 15:35:36 [scrapy.middleware] INFO: Enabled spider middlewares:
['scrapy.spidermiddlewares.httperror.HttpErrorMiddleware',
 'scrapy.spidermiddlewares.offsite.OffsiteMiddleware',
 'scrapy.spidermiddlewares.referer.RefererMiddleware',
 'scrapy.spidermiddlewares.urllength.UrlLengthMiddleware',
 'scrapy.spidermiddlewares.depth.DepthMiddleware']
2019-06-02 15:35:36 [scrapy.middleware] INFO: Enabled item pipelines:
['InternetSpider.pipelines.HotPipeline']
2019-06-02 15:35:36 [scrapy.core.engine] INFO: Spider opened
2019-06-02 15:35:36 [scrapy.extensions.logstats] INFO: Crawled 0 pages (at 0 pages/min), scraped 0 items (at 0 items/min)
2019-06-02 15:35:36 [scrapy.extensions.telnet] INFO: Telnet console listening on 127.0.0.1:6023
2019-06-02 15:35:37 [scrapy.core.engine] DEBUG: Crawled (402) <GET http://top.baidu.com/buzz?b=1&c=513&fr=topbuzz_b341_c513> (referer: None)
2019-06-02 15:35:37 [scrapy.spidermiddlewares.httperror] INFO: Ignoring response <402 http://top.baidu.com/buzz?b=1&c=513&fr=topbuzz_b341_c513>: HTTP status code is not handled or not allowed
2019-06-02 15:35:37 [scrapy.core.engine] INFO: Closing spider (finished)
2019-06-02 15:35:37 [scrapy.statscollectors] INFO: Dumping Scrapy stats:
{'downloader/request_bytes': 395,
 'downloader/request_count': 1,
 'downloader/request_method_count/GET': 1,
 'downloader/response_bytes': 382,
 'downloader/response_count': 1,
 'downloader/response_status_count/402': 1,
 'finish_reason': 'finished',
 'finish_time': datetime.datetime(2019, 6, 2, 7, 35, 37, 413553),
 'httperror/response_ignored_count': 1,
 'httperror/response_ignored_status_count/402': 1,
 'log_count/DEBUG': 1,
 'log_count/INFO': 10,
 'response_received_count': 1,
 'scheduler/dequeued/redis': 1,
 'scheduler/enqueued/redis': 1,
 'start_time': datetime.datetime(2019, 6, 2, 7, 35, 36, 770874)}
2019-06-02 15:35:37 [scrapy.core.engine] INFO: Spider closed (finished)
